<?xml version="1.0" encoding="UTF-8"?>
<!-- Generated by org.testng.reporters.JUnitReportReporter -->
<testsuite hostname="Mustaq" failures="0" tests="1" name="browsers.InvokeDynamicBrowser" time="15.442" errors="0" timestamp="2025-01-28T19:50:05 IST" skipped="0">
  <testcase classname="browsers.InvokeDynamicBrowser" name="verifyHomePageTitle" time="15.442"/>
</testsuite> <!-- browsers.InvokeDynamicBrowser -->
