<?xml version="1.0" encoding="UTF-8"?>
<!-- Generated by org.testng.reporters.JUnitReportReporter -->
<testsuite hostname="Mustaq" failures="0" tests="1" name="InvokeDynamicBrowser" time="16.564" errors="0" timestamp="2025-01-27T21:04:55 IST" skipped="0">
  <testcase classname="InvokeDynamicBrowser" name="openInChrome" time="16.564"/>
</testsuite> <!-- InvokeDynamicBrowser -->
