<?xml version="1.0" encoding="UTF-8"?>
<!-- Generated by org.testng.reporters.JUnitReportReporter -->
<testsuite hostname="Mustaq" failures="0" tests="2" name="SeleniumFirstProgram" time="54.222" errors="0" timestamp="2025-01-27T14:57:01 IST" skipped="0">
  <testcase classname="SeleniumFirstProgram" name="openFirefoxBrowser" time="39.318"/>
  <testcase classname="SeleniumFirstProgram" name="openChromeBrowser" time="14.904"/>
</testsuite> <!-- SeleniumFirstProgram -->
