<?xml version="1.0" encoding="UTF-8"?>
<!-- Generated by org.testng.reporters.JUnitReportReporter -->
<testsuite hostname="Mustaq" failures="0" tests="3" name="VerifyHomePageTitle" time="40.120" errors="0" timestamp="2025-01-27T18:22:05 IST" skipped="0">
  <testcase classname="VerifyHomePageTitle" name="openInEdge" time="11.987"/>
  <testcase classname="VerifyHomePageTitle" name="openInFirefox" time="16.938"/>
  <testcase classname="VerifyHomePageTitle" name="openInChrome" time="11.195"/>
</testsuite> <!-- VerifyHomePageTitle -->
